<?xml version="1.0" encoding="UTF-8" ?>
<testsuite failures="0" time="1.323" errors="1" skipped="0" tests="1" name="cn.itcast.dubbo.service.UserServiceTest">
  <properties>
[...]
</properties>
  <testcase time="1.323" classname="cn.itcast.dubbo.service.UserServiceTest" name="testQueryAll">
    <error message="Error creating bean with name &apos;userService&apos;: FactoryBean threw exception on object creation; nested exception is java.lang.IllegalStateException: Failed to check the status of the service cn.itcast.dubbo.service.UserService. No provider available for the service cn.itcast.dubbo.service.UserService from the url zookeeper://127.0.0.1:2181/com.alibaba.dubbo.registry.RegistryService?application=dubbo-a-consumer&amp;dubbo=2.5.3&amp;interface=cn.itcast.dubbo.service.UserService&amp;methods=queryAll&amp;pid=1516&amp;revision=1.0.0-SNAPSHOT&amp;side=consumer&amp;timestamp=1483271413952 to the consumer 192.168.71.1 use dubbo version 2.5.3" type="org.springframework.beans.factory.BeanCreationException">org.springframework.beans.factory.BeanCreationException: Error creating bean with name &apos;userService&apos;: FactoryBean threw exception on object creation; nested exception is java.lang.IllegalStateException: Failed to check the status of the service cn.itcast.dubbo.service.UserService. No provider available for the service cn.itcast.dubbo.service.UserService from the url zookeeper://127.0.0.1:2181/com.alibaba.dubbo.registry.RegistryService?application=dubbo-a-consumer&amp;dubbo=2.5.3&amp;interface=cn.itcast.dubbo.service.UserService&amp;methods=queryAll&amp;pid=1516&amp;revision=1.0.0-SNAPSHOT&amp;side=consumer&amp;timestamp=1483271413952 to the consumer 192.168.71.1 use dubbo version 2.5.3
	at org.springframework.beans.factory.support.FactoryBeanRegistrySupport.doGetObjectFromFactoryBean(FactoryBeanRegistrySupport.java:175)
	at org.springframework.beans.factory.support.FactoryBeanRegistrySupport.getObjectFromFactoryBean(FactoryBeanRegistrySupport.java:103)
	at org.springframework.beans.factory.support.AbstractBeanFactory.getObjectForBeanInstance(AbstractBeanFactory.java:1506)
	at org.springframework.beans.factory.support.AbstractBeanFactory.doGetBean(AbstractBeanFactory.java:250)
	at org.springframework.beans.factory.support.AbstractBeanFactory.getBean(AbstractBeanFactory.java:216)
	at org.springframework.beans.factory.support.DefaultListableBeanFactory.getBean(DefaultListableBeanFactory.java:350)
	at org.springframework.beans.factory.support.DefaultListableBeanFactory.getBean(DefaultListableBeanFactory.java:331)
	at org.springframework.context.support.AbstractApplicationContext.getBean(AbstractApplicationContext.java:968)
	at cn.itcast.dubbo.service.UserServiceTest.setUp(UserServiceTest.java:21)
	at sun.reflect.NativeMethodAccessorImpl.invoke0(Native Method)
	at sun.reflect.NativeMethodAccessorImpl.invoke(NativeMethodAccessorImpl.java:57)
	at sun.reflect.DelegatingMethodAccessorImpl.invoke(DelegatingMethodAccessorImpl.java:43)
	at java.lang.reflect.Method.invoke(Method.java:606)
	at org.junit.runners.model.FrameworkMethod$1.runReflectiveCall(FrameworkMethod.java:45)
	at org.junit.internal.runners.model.ReflectiveCallable.run(ReflectiveCallable.java:15)
	at org.junit.runners.model.FrameworkMethod.invokeExplosively(FrameworkMethod.java:42)
	at org.junit.internal.runners.statements.RunBefores.evaluate(RunBefores.java:27)
	at org.junit.runners.ParentRunner.runLeaf(ParentRunner.java:263)
	at org.junit.runners.BlockJUnit4ClassRunner.runChild(BlockJUnit4ClassRunner.java:68)
	at org.junit.runners.BlockJUnit4ClassRunner.runChild(BlockJUnit4ClassRunner.java:47)
	at org.junit.runners.ParentRunner$3.run(ParentRunner.java:231)
	at org.junit.runners.ParentRunner$1.schedule(ParentRunner.java:60)
	at org.junit.runners.ParentRunner.runChildren(ParentRunner.java:229)
	at org.junit.runners.ParentRunner.access$000(ParentRunner.java:50)
	at org.junit.runners.ParentRunner$2.evaluate(ParentRunner.java:222)
	at org.junit.runners.ParentRunner.run(ParentRunner.java:300)
	at org.apache.maven.surefire.junit4.JUnit4Provider.execute(JUnit4Provider.java:252)
	at org.apache.maven.surefire.junit4.JUnit4Provider.executeTestSet(JUnit4Provider.java:141)
	at org.apache.maven.surefire.junit4.JUnit4Provider.invoke(JUnit4Provider.java:112)
	at sun.reflect.NativeMethodAccessorImpl.invoke0(Native Method)
	at sun.reflect.NativeMethodAccessorImpl.invoke(NativeMethodAccessorImpl.java:57)
	at sun.reflect.DelegatingMethodAccessorImpl.invoke(DelegatingMethodAccessorImpl.java:43)
	at java.lang.reflect.Method.invoke(Method.java:606)
	at org.apache.maven.surefire.util.ReflectionUtils.invokeMethodWithArray(ReflectionUtils.java:189)
	at org.apache.maven.surefire.booter.ProviderFactory$ProviderProxy.invoke(ProviderFactory.java:165)
	at org.apache.maven.surefire.booter.ProviderFactory.invokeProvider(ProviderFactory.java:85)
	at org.apache.maven.surefire.booter.ForkedBooter.runSuitesInProcess(ForkedBooter.java:115)
	at org.apache.maven.surefire.booter.ForkedBooter.main(ForkedBooter.java:75)
Caused by: java.lang.IllegalStateException: Failed to check the status of the service cn.itcast.dubbo.service.UserService. No provider available for the service cn.itcast.dubbo.service.UserService from the url zookeeper://127.0.0.1:2181/com.alibaba.dubbo.registry.RegistryService?application=dubbo-a-consumer&amp;dubbo=2.5.3&amp;interface=cn.itcast.dubbo.service.UserService&amp;methods=queryAll&amp;pid=1516&amp;revision=1.0.0-SNAPSHOT&amp;side=consumer&amp;timestamp=1483271413952 to the consumer 192.168.71.1 use dubbo version 2.5.3
	at com.alibaba.dubbo.config.ReferenceConfig.createProxy(ReferenceConfig.java:420)
	at com.alibaba.dubbo.config.ReferenceConfig.init(ReferenceConfig.java:300)
	at com.alibaba.dubbo.config.ReferenceConfig.get(ReferenceConfig.java:138)
	at com.alibaba.dubbo.config.spring.ReferenceBean.getObject(ReferenceBean.java:65)
	at org.springframework.beans.factory.support.FactoryBeanRegistrySupport.doGetObjectFromFactoryBean(FactoryBeanRegistrySupport.java:168)
	... 37 more
</error>
    <system-out>2017-01-01 19:50:13,455 [main] [org.springframework.core.env.StandardEnvironment]-[DEBUG] Adding [systemProperties] PropertySource with lowest search precedence
2017-01-01 19:50:13,458 [main] [org.springframework.core.env.StandardEnvironment]-[DEBUG] Adding [systemEnvironment] PropertySource with lowest search precedence
2017-01-01 19:50:13,458 [main] [org.springframework.core.env.StandardEnvironment]-[DEBUG] Initialized StandardEnvironment with PropertySources [systemProperties,systemEnvironment]
2017-01-01 19:50:13,461 [main] [org.springframework.context.support.ClassPathXmlApplicationContext]-[INFO] Refreshing org.springframework.context.support.ClassPathXmlApplicationContext@1d8c046: startup date [Sun Jan 01 19:50:13 CST 2017]; root of context hierarchy
2017-01-01 19:50:13,495 [main] [org.springframework.core.env.StandardEnvironment]-[DEBUG] Adding [systemProperties] PropertySource with lowest search precedence
2017-01-01 19:50:13,495 [main] [org.springframework.core.env.StandardEnvironment]-[DEBUG] Adding [systemEnvironment] PropertySource with lowest search precedence
2017-01-01 19:50:13,496 [main] [org.springframework.core.env.StandardEnvironment]-[DEBUG] Initialized StandardEnvironment with PropertySources [systemProperties,systemEnvironment]
2017-01-01 19:50:13,508 [main] [org.springframework.core.io.support.PathMatchingResourcePatternResolver]-[DEBUG] Looking for matching resources in directory tree [F:\workspace-taotao\dubbo-a\target\classes\dubbo]
2017-01-01 19:50:13,508 [main] [org.springframework.core.io.support.PathMatchingResourcePatternResolver]-[DEBUG] Searching directory [F:\workspace-taotao\dubbo-a\target\classes\dubbo] for files matching pattern [F:/workspace-taotao/dubbo-a/target/classes/dubbo/dubbo-*.xml]
2017-01-01 19:50:13,511 [main] [org.springframework.core.io.support.PathMatchingResourcePatternResolver]-[DEBUG] Resolved location pattern [classpath:dubbo/dubbo-*.xml] to resources [file [F:\workspace-taotao\dubbo-a\target\classes\dubbo\dubbo-consumer.xml]]
2017-01-01 19:50:13,512 [main] [org.springframework.beans.factory.xml.XmlBeanDefinitionReader]-[INFO] Loading XML bean definitions from file [F:\workspace-taotao\dubbo-a\target\classes\dubbo\dubbo-consumer.xml]
2017-01-01 19:50:13,525 [main] [org.springframework.beans.factory.xml.DefaultDocumentLoader]-[DEBUG] Using JAXP provider [com.sun.org.apache.xerces.internal.jaxp.DocumentBuilderFactoryImpl]
2017-01-01 19:50:13,549 [main] [org.springframework.beans.factory.xml.PluggableSchemaResolver]-[DEBUG] Loading schema mappings from [META-INF/spring.schemas]
2017-01-01 19:50:13,552 [main] [org.springframework.beans.factory.xml.PluggableSchemaResolver]-[DEBUG] Loaded schema mappings: {http://www.springframework.org/schema/aop/spring-aop-4.1.xsd=org/springframework/aop/config/spring-aop-4.1.xsd, http://www.springframework.org/schema/context/spring-context-3.1.xsd=org/springframework/context/config/spring-context-3.1.xsd, http://www.springframework.org/schema/util/spring-util-3.0.xsd=org/springframework/beans/factory/xml/spring-util-3.0.xsd, http://www.springframework.org/schema/mvc/spring-mvc-4.1.xsd=org/springframework/web/servlet/config/spring-mvc-4.1.xsd, http://www.springframework.org/schema/tool/spring-tool.xsd=org/springframework/beans/factory/xml/spring-tool-4.1.xsd, http://www.springframework.org/schema/aop/spring-aop-3.2.xsd=org/springframework/aop/config/spring-aop-3.2.xsd, http://www.springframework.org/schema/lang/spring-lang-4.1.xsd=org/springframework/scripting/config/spring-lang-4.1.xsd, http://www.springframework.org/schema/context/spring-context-4.0.xsd=org/springframework/context/config/spring-context-4.0.xsd, http://www.springframework.org/schema/mvc/spring-mvc-3.2.xsd=org/springframework/web/servlet/config/spring-mvc-3.2.xsd, http://www.springframework.org/schema/tool/spring-tool-4.1.xsd=org/springframework/beans/factory/xml/spring-tool-4.1.xsd, http://www.springframework.org/schema/lang/spring-lang-3.2.xsd=org/springframework/scripting/config/spring-lang-3.2.xsd, http://www.springframework.org/schema/cache/spring-cache-3.2.xsd=org/springframework/cache/config/spring-cache-3.2.xsd, http://www.springframework.org/schema/jee/spring-jee-4.1.xsd=org/springframework/ejb/config/spring-jee-4.1.xsd, http://www.springframework.org/schema/util/spring-util-2.0.xsd=org/springframework/beans/factory/xml/spring-util-2.0.xsd, http://www.springframework.org/schema/tool/spring-tool-3.2.xsd=org/springframework/beans/factory/xml/spring-tool-3.2.xsd, http://www.springframework.org/schema/context/spring-context.xsd=org/springframework/context/config/spring-context-4.1.xsd, http://www.springframework.org/schema/cache/spring-cache-4.1.xsd=org/springframework/cache/config/spring-cache-4.1.xsd, http://www.springframework.org/schema/aop/spring-aop-4.0.xsd=org/springframework/aop/config/spring-aop-4.0.xsd, http://www.springframework.org/schema/jee/spring-jee-3.2.xsd=org/springframework/ejb/config/spring-jee-3.2.xsd, http://www.springframework.org/schema/context/spring-context-3.0.xsd=org/springframework/context/config/spring-context-3.0.xsd, http://www.springframework.org/schema/util/spring-util-2.5.xsd=org/springframework/beans/factory/xml/spring-util-2.5.xsd, http://www.springframework.org/schema/mvc/spring-mvc-4.0.xsd=org/springframework/web/servlet/config/spring-mvc-4.0.xsd, http://www.springframework.org/schema/beans/spring-beans-3.2.xsd=org/springframework/beans/factory/xml/spring-beans-3.2.xsd, http://www.springframework.org/schema/aop/spring-aop-3.1.xsd=org/springframework/aop/config/spring-aop-3.1.xsd, http://www.springframework.org/schema/lang/spring-lang-4.0.xsd=org/springframework/scripting/config/spring-lang-4.0.xsd, http://www.springframework.org/schema/mvc/spring-mvc.xsd=org/springframework/web/servlet/config/spring-mvc-4.1.xsd, http://www.springframework.org/schema/mvc/spring-mvc-3.1.xsd=org/springframework/web/servlet/config/spring-mvc-3.1.xsd, http://www.springframework.org/schema/beans/spring-beans-4.1.xsd=org/springframework/beans/factory/xml/spring-beans-4.1.xsd, http://www.springframework.org/schema/tool/spring-tool-4.0.xsd=org/springframework/beans/factory/xml/spring-tool-4.0.xsd, http://www.springframework.org/schema/lang/spring-lang-3.1.xsd=org/springframework/scripting/config/spring-lang-3.1.xsd, http://www.springframework.org/schema/cache/spring-cache-3.1.xsd=org/springframework/cache/config/spring-cache-3.1.xsd, http://www.springframework.org/schema/jee/spring-jee-4.0.xsd=org/springframework/ejb/config/spring-jee-4.0.xsd, http://www.springframework.org/schema/task/spring-task-4.1.xsd=org/springframework/scheduling/config/spring-task-4.1.xsd, http://www.springframework.org/schema/tool/spring-tool-3.1.xsd=org/springframework/beans/factory/xml/spring-tool-3.1.xsd, http://www.springframework.org/schema/cache/spring-cache-4.0.xsd=org/springframework/cache/config/spring-cache-4.0.xsd, http://code.alibabatech.com/schema/dubbo/dubbo.xsd=META-INF/dubbo.xsd, http://www.springframework.org/schema/jee/spring-jee-3.1.xsd=org/springframework/ejb/config/spring-jee-3.1.xsd, http://www.springframework.org/schema/task/spring-task-3.2.xsd=org/springframework/scheduling/config/spring-task-3.2.xsd, http://www.springframework.org/schema/beans/spring-beans-3.1.xsd=org/springframework/beans/factory/xml/spring-beans-3.1.xsd, http://www.springframework.org/schema/util/spring-util.xsd=org/springframework/beans/factory/xml/spring-util-4.1.xsd, http://www.springframework.org/schema/aop/spring-aop-3.0.xsd=org/springframework/aop/config/spring-aop-3.0.xsd, http://www.springframework.org/schema/mvc/spring-mvc-3.0.xsd=org/springframework/web/servlet/config/spring-mvc-3.0.xsd, http://www.springframework.org/schema/beans/spring-beans-4.0.xsd=org/springframework/beans/factory/xml/spring-beans-4.0.xsd, http://www.springframework.org/schema/beans/spring-beans.xsd=org/springframework/beans/factory/xml/spring-beans-4.1.xsd, http://www.springframework.org/schema/lang/spring-lang-3.0.xsd=org/springframework/scripting/config/spring-lang-3.0.xsd, http://www.springframework.org/schema/context/spring-context-2.5.xsd=org/springframework/context/config/spring-context-2.5.xsd, http://www.springframework.org/schema/task/spring-task-4.0.xsd=org/springframework/scheduling/config/spring-task-4.0.xsd, http://www.springframework.org/schema/tool/spring-tool-3.0.xsd=org/springframework/beans/factory/xml/spring-tool-3.0.xsd, http://www.springframework.org/schema/aop/spring-aop-2.0.xsd=org/springframework/aop/config/spring-aop-2.0.xsd, http://www.springframework.org/schema/jee/spring-jee-3.0.xsd=org/springframework/ejb/config/spring-jee-3.0.xsd, http://www.springframework.org/schema/util/spring-util-4.1.xsd=org/springframework/beans/factory/xml/spring-util-4.1.xsd, http://www.springframework.org/schema/task/spring-task-3.1.xsd=org/springframework/scheduling/config/spring-task-3.1.xsd, http://www.springframework.org/schema/beans/spring-beans-3.0.xsd=org/springframework/beans/factory/xml/spring-beans-3.0.xsd, http://www.springframework.org/schema/jee/spring-jee.xsd=org/springframework/ejb/config/spring-jee-4.1.xsd, http://www.springframework.org/schema/aop/spring-aop-2.5.xsd=org/springframework/aop/config/spring-aop-2.5.xsd, http://www.springframework.org/schema/lang/spring-lang-2.0.xsd=org/springframework/scripting/config/spring-lang-2.0.xsd, http://www.springframework.org/schema/util/spring-util-3.2.xsd=org/springframework/beans/factory/xml/spring-util-3.2.xsd, http://www.springframework.org/schema/task/spring-task.xsd=org/springframework/scheduling/config/spring-task-4.1.xsd, http://www.springframework.org/schema/tool/spring-tool-2.0.xsd=org/springframework/beans/factory/xml/spring-tool-2.0.xsd, http://www.springframework.org/schema/lang/spring-lang-2.5.xsd=org/springframework/scripting/config/spring-lang-2.5.xsd, http://www.springframework.org/schema/jee/spring-jee-2.0.xsd=org/springframework/ejb/config/spring-jee-2.0.xsd, http://www.springframework.org/schema/tool/spring-tool-2.5.xsd=org/springframework/beans/factory/xml/spring-tool-2.5.xsd, http://www.springframework.org/schema/jee/spring-jee-2.5.xsd=org/springframework/ejb/config/spring-jee-2.5.xsd, http://www.springframework.org/schema/util/spring-util-4.0.xsd=org/springframework/beans/factory/xml/spring-util-4.0.xsd, http://www.springframework.org/schema/task/spring-task-3.0.xsd=org/springframework/scheduling/config/spring-task-3.0.xsd, http://www.springframework.org/schema/lang/spring-lang.xsd=org/springframework/scripting/config/spring-lang-4.1.xsd, http://www.springframework.org/schema/context/spring-context-3.2.xsd=org/springframework/context/config/spring-context-3.2.xsd, http://www.springframework.org/schema/util/spring-util-3.1.xsd=org/springframework/beans/factory/xml/spring-util-3.1.xsd, http://www.springframework.org/schema/beans/spring-beans-2.0.xsd=org/springframework/beans/factory/xml/spring-beans-2.0.xsd, http://www.springframework.org/schema/cache/spring-cache.xsd=org/springframework/cache/config/spring-cache-4.1.xsd, http://www.springframework.org/schema/context/spring-context-4.1.xsd=org/springframework/context/config/spring-context-4.1.xsd, http://www.springframework.org/schema/beans/spring-beans-2.5.xsd=org/springframework/beans/factory/xml/spring-beans-2.5.xsd, http://www.springframework.org/schema/aop/spring-aop.xsd=org/springframework/aop/config/spring-aop-4.1.xsd}
2017-01-01 19:50:13,554 [main] [org.springframework.beans.factory.xml.PluggableSchemaResolver]-[DEBUG] Found XML schema [http://www.springframework.org/schema/beans/spring-beans-4.0.xsd] in classpath: org/springframework/beans/factory/xml/spring-beans-4.0.xsd
2017-01-01 19:50:13,586 [main] [org.springframework.beans.factory.xml.PluggableSchemaResolver]-[DEBUG] Found XML schema [http://code.alibabatech.com/schema/dubbo/dubbo.xsd] in classpath: META-INF/dubbo.xsd
2017-01-01 19:50:13,618 [main] [org.springframework.beans.factory.xml.DefaultBeanDefinitionDocumentReader]-[DEBUG] Loading bean definitions
2017-01-01 19:50:13,627 [main] [org.springframework.beans.factory.xml.DefaultNamespaceHandlerResolver]-[DEBUG] Loaded NamespaceHandler mappings: {http://www.springframework.org/schema/p=org.springframework.beans.factory.xml.SimplePropertyNamespaceHandler, http://www.springframework.org/schema/mvc=org.springframework.web.servlet.config.MvcNamespaceHandler, http://www.springframework.org/schema/util=org.springframework.beans.factory.xml.UtilNamespaceHandler, http://code.alibabatech.com/schema/dubbo=com.alibaba.dubbo.config.spring.schema.DubboNamespaceHandler, http://www.springframework.org/schema/jee=org.springframework.ejb.config.JeeNamespaceHandler, http://www.springframework.org/schema/aop=org.springframework.aop.config.AopNamespaceHandler, http://www.springframework.org/schema/cache=org.springframework.cache.config.CacheNamespaceHandler, http://www.springframework.org/schema/c=org.springframework.beans.factory.xml.SimpleConstructorNamespaceHandler, http://www.springframework.org/schema/task=org.springframework.scheduling.config.TaskNamespaceHandler, http://www.springframework.org/schema/lang=org.springframework.scripting.config.LangNamespaceHandler, http://www.springframework.org/schema/context=org.springframework.context.config.ContextNamespaceHandler}
2017-01-01 19:50:13,633 [main] [com.alibaba.dubbo.common.logger.LoggerFactory]-[INFO] using logger: com.alibaba.dubbo.common.logger.log4j.Log4jLoggerAdapter
2017-01-01 19:50:13,661 [main] [org.springframework.beans.factory.xml.XmlBeanDefinitionReader]-[DEBUG] Loaded 3 bean definitions from location pattern [classpath:dubbo/dubbo-*.xml]
2017-01-01 19:50:13,661 [main] [org.springframework.context.support.ClassPathXmlApplicationContext]-[DEBUG] Bean factory for org.springframework.context.support.ClassPathXmlApplicationContext@1d8c046: org.springframework.beans.factory.support.DefaultListableBeanFactory@16debe8: defining beans [dubbo-a-consumer,com.alibaba.dubbo.config.RegistryConfig,userService]; root of factory hierarchy
2017-01-01 19:50:13,678 [main] [org.springframework.context.support.ClassPathXmlApplicationContext]-[DEBUG] Unable to locate MessageSource with name &apos;messageSource&apos;: using default [org.springframework.context.support.DelegatingMessageSource@1937bf4]
2017-01-01 19:50:13,680 [main] [org.springframework.context.support.ClassPathXmlApplicationContext]-[DEBUG] Unable to locate ApplicationEventMulticaster with name &apos;applicationEventMulticaster&apos;: using default [org.springframework.context.event.SimpleApplicationEventMulticaster@1213e42]
2017-01-01 19:50:13,681 [main] [org.springframework.beans.factory.support.DefaultListableBeanFactory]-[DEBUG] Pre-instantiating singletons in org.springframework.beans.factory.support.DefaultListableBeanFactory@16debe8: defining beans [dubbo-a-consumer,com.alibaba.dubbo.config.RegistryConfig,userService]; root of factory hierarchy
2017-01-01 19:50:13,681 [main] [org.springframework.beans.factory.support.DefaultListableBeanFactory]-[DEBUG] Creating shared instance of singleton bean &apos;dubbo-a-consumer&apos;
2017-01-01 19:50:13,681 [main] [org.springframework.beans.factory.support.DefaultListableBeanFactory]-[DEBUG] Creating instance of bean &apos;dubbo-a-consumer&apos;
2017-01-01 19:50:13,695 [main] [org.springframework.beans.factory.support.DefaultListableBeanFactory]-[DEBUG] Eagerly caching bean &apos;dubbo-a-consumer&apos; to allow for resolving potential circular references
2017-01-01 19:50:13,733 [main] [org.springframework.beans.factory.support.DefaultListableBeanFactory]-[DEBUG] Finished creating instance of bean &apos;dubbo-a-consumer&apos;
2017-01-01 19:50:13,734 [main] [org.springframework.beans.factory.support.DefaultListableBeanFactory]-[DEBUG] Creating shared instance of singleton bean &apos;com.alibaba.dubbo.config.RegistryConfig&apos;
2017-01-01 19:50:13,734 [main] [org.springframework.beans.factory.support.DefaultListableBeanFactory]-[DEBUG] Creating instance of bean &apos;com.alibaba.dubbo.config.RegistryConfig&apos;
2017-01-01 19:50:13,734 [main] [org.springframework.beans.factory.support.DefaultListableBeanFactory]-[DEBUG] Eagerly caching bean &apos;com.alibaba.dubbo.config.RegistryConfig&apos; to allow for resolving potential circular references
2017-01-01 19:50:13,748 [main] [org.springframework.beans.factory.support.DefaultListableBeanFactory]-[DEBUG] Finished creating instance of bean &apos;com.alibaba.dubbo.config.RegistryConfig&apos;
2017-01-01 19:50:13,748 [main] [org.springframework.beans.factory.support.DefaultListableBeanFactory]-[DEBUG] Creating shared instance of singleton bean &apos;userService&apos;
2017-01-01 19:50:13,748 [main] [org.springframework.beans.factory.support.DefaultListableBeanFactory]-[DEBUG] Creating instance of bean &apos;userService&apos;
2017-01-01 19:50:13,789 [main] [com.alibaba.dubbo.common.extension.ExtensionLoader]-[DEBUG]  [DUBBO] package com.alibaba.dubbo.rpc;
import com.alibaba.dubbo.common.extension.ExtensionLoader;
public class Protocol$Adpative implements com.alibaba.dubbo.rpc.Protocol {
public com.alibaba.dubbo.rpc.Invoker refer(java.lang.Class arg0, com.alibaba.dubbo.common.URL arg1) throws java.lang.Class {
if (arg1 == null) throw new IllegalArgumentException(&quot;url == null&quot;);
com.alibaba.dubbo.common.URL url = arg1;
String extName = ( url.getProtocol() == null ? &quot;dubbo&quot; : url.getProtocol() );
if(extName == null) throw new IllegalStateException(&quot;Fail to get extension(com.alibaba.dubbo.rpc.Protocol) name from url(&quot; + url.toString() + &quot;) use keys([protocol])&quot;);
com.alibaba.dubbo.rpc.Protocol extension = (com.alibaba.dubbo.rpc.Protocol)ExtensionLoader.getExtensionLoader(com.alibaba.dubbo.rpc.Protocol.class).getExtension(extName);
return extension.refer(arg0, arg1);
}
public com.alibaba.dubbo.rpc.Exporter export(com.alibaba.dubbo.rpc.Invoker arg0) throws com.alibaba.dubbo.rpc.Invoker {
if (arg0 == null) throw new IllegalArgumentException(&quot;com.alibaba.dubbo.rpc.Invoker argument == null&quot;);
if (arg0.getUrl() == null) throw new IllegalArgumentException(&quot;com.alibaba.dubbo.rpc.Invoker argument getUrl() == null&quot;);com.alibaba.dubbo.common.URL url = arg0.getUrl();
String extName = ( url.getProtocol() == null ? &quot;dubbo&quot; : url.getProtocol() );
if(extName == null) throw new IllegalStateException(&quot;Fail to get extension(com.alibaba.dubbo.rpc.Protocol) name from url(&quot; + url.toString() + &quot;) use keys([protocol])&quot;);
com.alibaba.dubbo.rpc.Protocol extension = (com.alibaba.dubbo.rpc.Protocol)ExtensionLoader.getExtensionLoader(com.alibaba.dubbo.rpc.Protocol.class).getExtension(extName);
return extension.export(arg0);
}
public void destroy() {throw new UnsupportedOperationException(&quot;method public abstract void com.alibaba.dubbo.rpc.Protocol.destroy() of interface com.alibaba.dubbo.rpc.Protocol is not adaptive method!&quot;);
}
public int getDefaultPort() {throw new UnsupportedOperationException(&quot;method public abstract int com.alibaba.dubbo.rpc.Protocol.getDefaultPort() of interface com.alibaba.dubbo.rpc.Protocol is not adaptive method!&quot;);
}
}, dubbo version: 2.5.3, current host: 127.0.0.1
2017-01-01 19:50:13,892 [main] [com.alibaba.dubbo.common.extension.ExtensionLoader]-[DEBUG]  [DUBBO] package com.alibaba.dubbo.rpc.cluster;
import com.alibaba.dubbo.common.extension.ExtensionLoader;
public class Cluster$Adpative implements com.alibaba.dubbo.rpc.cluster.Cluster {
public com.alibaba.dubbo.rpc.Invoker join(com.alibaba.dubbo.rpc.cluster.Directory arg0) throws com.alibaba.dubbo.rpc.cluster.Directory {
if (arg0 == null) throw new IllegalArgumentException(&quot;com.alibaba.dubbo.rpc.cluster.Directory argument == null&quot;);
if (arg0.getUrl() == null) throw new IllegalArgumentException(&quot;com.alibaba.dubbo.rpc.cluster.Directory argument getUrl() == null&quot;);com.alibaba.dubbo.common.URL url = arg0.getUrl();
String extName = url.getParameter(&quot;cluster&quot;, &quot;failover&quot;);
if(extName == null) throw new IllegalStateException(&quot;Fail to get extension(com.alibaba.dubbo.rpc.cluster.Cluster) name from url(&quot; + url.toString() + &quot;) use keys([cluster])&quot;);
com.alibaba.dubbo.rpc.cluster.Cluster extension = (com.alibaba.dubbo.rpc.cluster.Cluster)ExtensionLoader.getExtensionLoader(com.alibaba.dubbo.rpc.cluster.Cluster.class).getExtension(extName);
return extension.join(arg0);
}
}, dubbo version: 2.5.3, current host: 127.0.0.1
2017-01-01 19:50:13,911 [main] [com.alibaba.dubbo.common.extension.ExtensionLoader]-[DEBUG]  [DUBBO] package com.alibaba.dubbo.rpc;
import com.alibaba.dubbo.common.extension.ExtensionLoader;
public class ProxyFactory$Adpative implements com.alibaba.dubbo.rpc.ProxyFactory {
public java.lang.Object getProxy(com.alibaba.dubbo.rpc.Invoker arg0) throws com.alibaba.dubbo.rpc.Invoker {
if (arg0 == null) throw new IllegalArgumentException(&quot;com.alibaba.dubbo.rpc.Invoker argument == null&quot;);
if (arg0.getUrl() == null) throw new IllegalArgumentException(&quot;com.alibaba.dubbo.rpc.Invoker argument getUrl() == null&quot;);com.alibaba.dubbo.common.URL url = arg0.getUrl();
String extName = url.getParameter(&quot;proxy&quot;, &quot;javassist&quot;);
if(extName == null) throw new IllegalStateException(&quot;Fail to get extension(com.alibaba.dubbo.rpc.ProxyFactory) name from url(&quot; + url.toString() + &quot;) use keys([proxy])&quot;);
com.alibaba.dubbo.rpc.ProxyFactory extension = (com.alibaba.dubbo.rpc.ProxyFactory)ExtensionLoader.getExtensionLoader(com.alibaba.dubbo.rpc.ProxyFactory.class).getExtension(extName);
return extension.getProxy(arg0);
}
public com.alibaba.dubbo.rpc.Invoker getInvoker(java.lang.Object arg0, java.lang.Class arg1, com.alibaba.dubbo.common.URL arg2) throws java.lang.Object {
if (arg2 == null) throw new IllegalArgumentException(&quot;url == null&quot;);
com.alibaba.dubbo.common.URL url = arg2;
String extName = url.getParameter(&quot;proxy&quot;, &quot;javassist&quot;);
if(extName == null) throw new IllegalStateException(&quot;Fail to get extension(com.alibaba.dubbo.rpc.ProxyFactory) name from url(&quot; + url.toString() + &quot;) use keys([proxy])&quot;);
com.alibaba.dubbo.rpc.ProxyFactory extension = (com.alibaba.dubbo.rpc.ProxyFactory)ExtensionLoader.getExtensionLoader(com.alibaba.dubbo.rpc.ProxyFactory.class).getExtension(extName);
return extension.getInvoker(arg0, arg1, arg2);
}
}, dubbo version: 2.5.3, current host: 127.0.0.1
2017-01-01 19:50:13,922 [main] [org.springframework.beans.factory.support.DefaultListableBeanFactory]-[DEBUG] Eagerly caching bean &apos;userService&apos; to allow for resolving potential circular references
2017-01-01 19:50:13,943 [main] [org.springframework.beans.factory.support.DefaultListableBeanFactory]-[DEBUG] Invoking afterPropertiesSet() on bean with name &apos;userService&apos;
2017-01-01 19:50:13,943 [main] [org.springframework.beans.factory.support.DefaultListableBeanFactory]-[DEBUG] Returning cached instance of singleton bean &apos;dubbo-a-consumer&apos;
2017-01-01 19:50:13,944 [main] [org.springframework.beans.factory.support.DefaultListableBeanFactory]-[DEBUG] Returning cached instance of singleton bean &apos;com.alibaba.dubbo.config.RegistryConfig&apos;
2017-01-01 19:50:13,944 [main] [org.springframework.beans.factory.support.DefaultListableBeanFactory]-[DEBUG] Finished creating instance of bean &apos;userService&apos;
2017-01-01 19:50:13,945 [main] [org.springframework.context.support.ClassPathXmlApplicationContext]-[DEBUG] Unable to locate LifecycleProcessor with name &apos;lifecycleProcessor&apos;: using default [org.springframework.context.support.DefaultLifecycleProcessor@46409d]
2017-01-01 19:50:13,946 [main] [org.springframework.beans.factory.support.DefaultListableBeanFactory]-[DEBUG] Returning cached instance of singleton bean &apos;lifecycleProcessor&apos;
2017-01-01 19:50:13,948 [main] [org.springframework.core.env.PropertySourcesPropertyResolver]-[DEBUG] Searching for key &apos;spring.liveBeansView.mbeanDomain&apos; in [systemProperties]
2017-01-01 19:50:13,948 [main] [org.springframework.core.env.PropertySourcesPropertyResolver]-[DEBUG] Searching for key &apos;spring.liveBeansView.mbeanDomain&apos; in [systemEnvironment]
2017-01-01 19:50:13,948 [main] [org.springframework.core.env.PropertySourcesPropertyResolver]-[DEBUG] Could not find key &apos;spring.liveBeansView.mbeanDomain&apos; in any property source. Returning [null]
2017-01-01 19:50:13,948 [main] [org.springframework.beans.factory.support.DefaultListableBeanFactory]-[DEBUG] Returning cached instance of singleton bean &apos;userService&apos;
2017-01-01 19:50:13,992 [main] [com.alibaba.dubbo.common.extension.ExtensionLoader]-[DEBUG]  [DUBBO] package com.alibaba.dubbo.registry;
import com.alibaba.dubbo.common.extension.ExtensionLoader;
public class RegistryFactory$Adpative implements com.alibaba.dubbo.registry.RegistryFactory {
public com.alibaba.dubbo.registry.Registry getRegistry(com.alibaba.dubbo.common.URL arg0) {
if (arg0 == null) throw new IllegalArgumentException(&quot;url == null&quot;);
com.alibaba.dubbo.common.URL url = arg0;
String extName = ( url.getProtocol() == null ? &quot;dubbo&quot; : url.getProtocol() );
if(extName == null) throw new IllegalStateException(&quot;Fail to get extension(com.alibaba.dubbo.registry.RegistryFactory) name from url(&quot; + url.toString() + &quot;) use keys([protocol])&quot;);
com.alibaba.dubbo.registry.RegistryFactory extension = (com.alibaba.dubbo.registry.RegistryFactory)ExtensionLoader.getExtensionLoader(com.alibaba.dubbo.registry.RegistryFactory.class).getExtension(extName);
return extension.getRegistry(arg0);
}
}, dubbo version: 2.5.3, current host: 127.0.0.1
2017-01-01 19:50:14,001 [main] [com.alibaba.dubbo.common.extension.ExtensionLoader]-[DEBUG]  [DUBBO] package com.alibaba.dubbo.remoting.zookeeper;
import com.alibaba.dubbo.common.extension.ExtensionLoader;
public class ZookeeperTransporter$Adpative implements com.alibaba.dubbo.remoting.zookeeper.ZookeeperTransporter {
public com.alibaba.dubbo.remoting.zookeeper.ZookeeperClient connect(com.alibaba.dubbo.common.URL arg0) {
if (arg0 == null) throw new IllegalArgumentException(&quot;url == null&quot;);
com.alibaba.dubbo.common.URL url = arg0;
String extName = url.getParameter(&quot;client&quot;, url.getParameter(&quot;transporter&quot;, &quot;zkclient&quot;));
if(extName == null) throw new IllegalStateException(&quot;Fail to get extension(com.alibaba.dubbo.remoting.zookeeper.ZookeeperTransporter) name from url(&quot; + url.toString() + &quot;) use keys([client, transporter])&quot;);
com.alibaba.dubbo.remoting.zookeeper.ZookeeperTransporter extension = (com.alibaba.dubbo.remoting.zookeeper.ZookeeperTransporter)ExtensionLoader.getExtensionLoader(com.alibaba.dubbo.remoting.zookeeper.ZookeeperTransporter.class).getExtension(extName);
return extension.connect(arg0);
}
}, dubbo version: 2.5.3, current host: 127.0.0.1
2017-01-01 19:50:14,021 [main] [com.alibaba.dubbo.registry.zookeeper.ZookeeperRegistry]-[INFO]  [DUBBO] Load registry store file C:\Users\SYJ\.dubbo\dubbo-registry-127.0.0.1.cache, data: {*/cn.itcast.dubbo.service.UserService:*=empty://192.168.71.1/cn.itcast.dubbo.service.UserService?category=providers&amp;check=false&amp;classifier=*&amp;group=*&amp;interface=cn.itcast.dubbo.service.UserService&amp;version=* empty://192.168.71.1/cn.itcast.dubbo.service.UserService?category=consumers&amp;check=false&amp;classifier=*&amp;group=*&amp;interface=cn.itcast.dubbo.service.UserService&amp;version=*, cn.itcast.dubbo.service.UserService=override://192.168.71.1/cn.itcast.dubbo.service.UserService?category=configurators&amp;dynamic=false&amp;enabled=true&amp;mock=force%3Areturn+null, com.alibaba.dubbo.monitor.MonitorService=empty://192.168.71.1:7070/com.alibaba.dubbo.monitor.MonitorService?anyhost=true&amp;application=simple-monitor&amp;category=configurators&amp;check=false&amp;delay=-1&amp;dubbo=2.5.3&amp;interface=com.alibaba.dubbo.monitor.MonitorService&amp;methods=lookup,collect&amp;pid=7984&amp;revision=2.5.3&amp;side=provider&amp;timestamp=1483271323371, */com.alibaba.dubbo.monitor.MonitorService:*=dubbo://192.168.71.1:7070/com.alibaba.dubbo.monitor.MonitorService?anyhost=true&amp;application=simple-monitor&amp;delay=-1&amp;dubbo=2.5.3&amp;interface=com.alibaba.dubbo.monitor.MonitorService&amp;methods=lookup,collect&amp;pid=7984&amp;revision=2.5.3&amp;side=provider&amp;timestamp=1483271323371 empty://192.168.71.1/com.alibaba.dubbo.monitor.MonitorService?category=consumers&amp;check=false&amp;classifier=*&amp;group=*&amp;interface=com.alibaba.dubbo.monitor.MonitorService&amp;version=*}, dubbo version: 2.5.3, current host: 127.0.0.1
2017-01-01 19:50:14,033 [main] [org.I0Itec.zkclient.ZkConnection]-[DEBUG] Creating new ZookKeeper instance to connect to 127.0.0.1:2181.
2017-01-01 19:50:14,033 [ZkClient-EventThread-10-127.0.0.1:2181] [org.I0Itec.zkclient.ZkEventThread]-[INFO] Starting ZkClient event thread.
2017-01-01 19:50:14,040 [main] [org.apache.zookeeper.ZooKeeper]-[INFO] Client environment:zookeeper.version=3.3.3-1073969, built on 02/23/2011 22:27 GMT
2017-01-01 19:50:14,040 [main] [org.apache.zookeeper.ZooKeeper]-[INFO] Client environment:host.name=WIN-95I6OG3AT1N
2017-01-01 19:50:14,040 [main] [org.apache.zookeeper.ZooKeeper]-[INFO] Client environment:java.version=1.7.0_72
2017-01-01 19:50:14,040 [main] [org.apache.zookeeper.ZooKeeper]-[INFO] Client environment:java.vendor=Oracle Corporation
2017-01-01 19:50:14,040 [main] [org.apache.zookeeper.ZooKeeper]-[INFO] Client environment:java.home=D:\java\jdk1.7.0_72\jre
2017-01-01 19:50:14,040 [main] [org.apache.zookeeper.ZooKeeper]-[INFO] Client environment:java.class.path=F:\workspace-taotao\dubbo-a\target\test-classes;F:\workspace-taotao\dubbo-a\target\classes;F:\maven-repository\repository\cn\itcast\dubbo\dubbo-b-api\1.0.0-SNAPSHOT\dubbo-b-api-1.0.0-SNAPSHOT.jar;F:\maven-repository\repository\org\springframework\spring-webmvc\4.1.3.RELEASE\spring-webmvc-4.1.3.RELEASE.jar;F:\maven-repository\repository\org\springframework\spring-beans\4.1.3.RELEASE\spring-beans-4.1.3.RELEASE.jar;F:\maven-repository\repository\org\springframework\spring-context\4.1.3.RELEASE\spring-context-4.1.3.RELEASE.jar;F:\maven-repository\repository\org\springframework\spring-aop\4.1.3.RELEASE\spring-aop-4.1.3.RELEASE.jar;F:\maven-repository\repository\aopalliance\aopalliance\1.0\aopalliance-1.0.jar;F:\maven-repository\repository\org\springframework\spring-core\4.1.3.RELEASE\spring-core-4.1.3.RELEASE.jar;F:\maven-repository\repository\commons-logging\commons-logging\1.2\commons-logging-1.2.jar;F:\maven-repository\repository\org\springframework\spring-expression\4.1.3.RELEASE\spring-expression-4.1.3.RELEASE.jar;F:\maven-repository\repository\org\springframework\spring-web\4.1.3.RELEASE\spring-web-4.1.3.RELEASE.jar;F:\maven-repository\repository\org\slf4j\slf4j-log4j12\1.6.4\slf4j-log4j12-1.6.4.jar;F:\maven-repository\repository\org\slf4j\slf4j-api\1.6.4\slf4j-api-1.6.4.jar;F:\maven-repository\repository\log4j\log4j\1.2.16\log4j-1.2.16.jar;F:\maven-repository\repository\com\alibaba\dubbo\2.5.3\dubbo-2.5.3.jar;F:\maven-repository\repository\org\javassist\javassist\3.15.0-GA\javassist-3.15.0-GA.jar;F:\maven-repository\repository\org\jboss\netty\netty\3.2.5.Final\netty-3.2.5.Final.jar;F:\maven-repository\repository\org\apache\zookeeper\zookeeper\3.3.3\zookeeper-3.3.3.jar;F:\maven-repository\repository\jline\jline\0.9.94\jline-0.9.94.jar;F:\maven-repository\repository\com\github\sgroschupf\zkclient\0.1\zkclient-0.1.jar;F:\maven-repository\repository\junit\junit\4.10\junit-4.10.jar;F:\maven-repository\repository\org\hamcrest\hamcrest-core\1.1\hamcrest-core-1.1.jar;
2017-01-01 19:50:14,040 [main] [org.apache.zookeeper.ZooKeeper]-[INFO] Client environment:java.library.path=D:\java\jdk1.7.0_72\jre\bin;C:\Windows\Sun\Java\bin;C:\Windows\system32;C:\Windows;D:/java/jdk1.7.0_72/bin/../jre/bin/client;D:/java/jdk1.7.0_72/bin/../jre/bin;D:/java/jdk1.7.0_72/bin/../jre/lib/i386;D:\apache-maven-3.2.1\bin;D:\apache-cxf-3.1.6\apache-cxf-3.1.6\bin;D:\java\jdk1.7.0_72\bin;D:\hadoop-2.6.4\bin;E:\app\SYJ\product\11.2.0\dbhome_1\bin;%CATALINA_HOME%\bin;C:\Program Files (x86)\Intel\iCLS Client\;C:\Program Files\Intel\iCLS Client\;C:\Windows\system32;C:\Windows;C:\Windows\System32\Wbem;C:\Windows\System32\WindowsPowerShell\v1.0\;C:\Program Files\Lenovo\Fingerprint Manager Pro\;C:\Program Files\Intel\Intel(R) Management Engine Components\DAL;C:\Program Files (x86)\Intel\Intel(R) Management Engine Components\DAL;C:\Program Files\Intel\Intel(R) Management Engine Components\IPT;C:\Program Files (x86)\Intel\Intel(R) Management Engine Components\IPT;D:\java\mysql5.5\bin;D:\java\scala\bin;D:\soft\QuickTime\QTSystem\;C:\Program Files\MySQL\MySQL Utilities 1.6\;F:\SVN\VisualSVNServer\bin;D:\hadoop-2.6.4\bin;D:\soft\ssh;C:\Program Files (x86)\IDM Computer Solutions\UltraEdit\;F:\eclipse-mars;;.
2017-01-01 19:50:14,040 [main] [org.apache.zookeeper.ZooKeeper]-[INFO] Client environment:java.io.tmpdir=C:\Users\SYJ\AppData\Local\Temp\
2017-01-01 19:50:14,040 [main] [org.apache.zookeeper.ZooKeeper]-[INFO] Client environment:java.compiler=&lt;NA&gt;
2017-01-01 19:50:14,041 [main] [org.apache.zookeeper.ZooKeeper]-[INFO] Client environment:os.name=Windows 7
2017-01-01 19:50:14,041 [main] [org.apache.zookeeper.ZooKeeper]-[INFO] Client environment:os.arch=x86
2017-01-01 19:50:14,041 [main] [org.apache.zookeeper.ZooKeeper]-[INFO] Client environment:os.version=6.1
2017-01-01 19:50:14,041 [main] [org.apache.zookeeper.ZooKeeper]-[INFO] Client environment:user.name=SYJ
2017-01-01 19:50:14,041 [main] [org.apache.zookeeper.ZooKeeper]-[INFO] Client environment:user.home=C:\Users\SYJ
2017-01-01 19:50:14,041 [main] [org.apache.zookeeper.ZooKeeper]-[INFO] Client environment:user.dir=F:\workspace-taotao\dubbo-a
2017-01-01 19:50:14,042 [main] [org.apache.zookeeper.ZooKeeper]-[INFO] Initiating client connection, connectString=127.0.0.1:2181 sessionTimeout=30000 watcher=org.I0Itec.zkclient.ZkClient@907c4e
2017-01-01 19:50:14,044 [main] [org.apache.zookeeper.ClientCnxn]-[DEBUG] zookeeper.disableAutoWatchReset is false
2017-01-01 19:50:14,066 [main] [org.I0Itec.zkclient.ZkClient]-[DEBUG] Awaiting connection to Zookeeper server
2017-01-01 19:50:14,066 [main-SendThread()] [org.apache.zookeeper.ClientCnxn]-[INFO] Opening socket connection to server /127.0.0.1:2181
2017-01-01 19:50:14,066 [main] [org.I0Itec.zkclient.ZkClient]-[DEBUG] Waiting for keeper state SyncConnected
2017-01-01 19:50:14,068 [main-SendThread(127.0.0.1:2181)] [org.apache.zookeeper.ClientCnxn]-[INFO] Socket connection established to 127.0.0.1/127.0.0.1:2181, initiating session
2017-01-01 19:50:14,071 [main-SendThread(127.0.0.1:2181)] [org.apache.zookeeper.ClientCnxn]-[DEBUG] Session establishment request sent on 127.0.0.1/127.0.0.1:2181
2017-01-01 19:50:14,148 [main-SendThread(127.0.0.1:2181)] [org.apache.zookeeper.ClientCnxn]-[INFO] Session establishment complete on server 127.0.0.1/127.0.0.1:2181, sessionid = 0x15959748c5f0009, negotiated timeout = 30000
2017-01-01 19:50:14,153 [main-EventThread] [org.I0Itec.zkclient.ZkClient]-[DEBUG] Received event: WatchedEvent state:SyncConnected type:None path:null
2017-01-01 19:50:14,153 [main-EventThread] [org.I0Itec.zkclient.ZkClient]-[INFO] zookeeper state changed (SyncConnected)
2017-01-01 19:50:14,154 [main-EventThread] [org.I0Itec.zkclient.ZkClient]-[DEBUG] Leaving process event
2017-01-01 19:50:14,154 [main] [org.I0Itec.zkclient.ZkClient]-[DEBUG] State is SyncConnected
2017-01-01 19:50:14,172 [main] [com.alibaba.dubbo.common.extension.ExtensionLoader]-[DEBUG]  [DUBBO] package com.alibaba.dubbo.rpc.cluster;
import com.alibaba.dubbo.common.extension.ExtensionLoader;
public class RouterFactory$Adpative implements com.alibaba.dubbo.rpc.cluster.RouterFactory {
public com.alibaba.dubbo.rpc.cluster.Router getRouter(com.alibaba.dubbo.common.URL arg0) {
if (arg0 == null) throw new IllegalArgumentException(&quot;url == null&quot;);
com.alibaba.dubbo.common.URL url = arg0;
String extName = url.getProtocol();
if(extName == null) throw new IllegalStateException(&quot;Fail to get extension(com.alibaba.dubbo.rpc.cluster.RouterFactory) name from url(&quot; + url.toString() + &quot;) use keys([protocol])&quot;);
com.alibaba.dubbo.rpc.cluster.RouterFactory extension = (com.alibaba.dubbo.rpc.cluster.RouterFactory)ExtensionLoader.getExtensionLoader(com.alibaba.dubbo.rpc.cluster.RouterFactory.class).getExtension(extName);
return extension.getRouter(arg0);
}
}, dubbo version: 2.5.3, current host: 127.0.0.1
2017-01-01 19:50:14,194 [main] [com.alibaba.dubbo.common.extension.ExtensionLoader]-[DEBUG]  [DUBBO] package com.alibaba.dubbo.rpc.cluster;
import com.alibaba.dubbo.common.extension.ExtensionLoader;
public class ConfiguratorFactory$Adpative implements com.alibaba.dubbo.rpc.cluster.ConfiguratorFactory {
public com.alibaba.dubbo.rpc.cluster.Configurator getConfigurator(com.alibaba.dubbo.common.URL arg0) {
if (arg0 == null) throw new IllegalArgumentException(&quot;url == null&quot;);
com.alibaba.dubbo.common.URL url = arg0;
String extName = url.getProtocol();
if(extName == null) throw new IllegalStateException(&quot;Fail to get extension(com.alibaba.dubbo.rpc.cluster.ConfiguratorFactory) name from url(&quot; + url.toString() + &quot;) use keys([protocol])&quot;);
com.alibaba.dubbo.rpc.cluster.ConfiguratorFactory extension = (com.alibaba.dubbo.rpc.cluster.ConfiguratorFactory)ExtensionLoader.getExtensionLoader(com.alibaba.dubbo.rpc.cluster.ConfiguratorFactory.class).getExtension(extName);
return extension.getConfigurator(arg0);
}
}, dubbo version: 2.5.3, current host: 127.0.0.1
2017-01-01 19:50:14,206 [main] [com.alibaba.dubbo.registry.zookeeper.ZookeeperRegistry]-[INFO]  [DUBBO] Register: consumer://192.168.71.1/cn.itcast.dubbo.service.UserService?application=dubbo-a-consumer&amp;category=consumers&amp;check=false&amp;dubbo=2.5.3&amp;interface=cn.itcast.dubbo.service.UserService&amp;methods=queryAll&amp;pid=1516&amp;revision=1.0.0-SNAPSHOT&amp;side=consumer&amp;timestamp=1483271413952, dubbo version: 2.5.3, current host: 192.168.71.1
2017-01-01 19:50:14,248 [main-SendThread(127.0.0.1:2181)] [org.apache.zookeeper.ClientCnxn]-[DEBUG] Reading reply sessionid:0x15959748c5f0009, packet:: clientPath:null serverPath:null finished:false header:: 1,1  replyHeader:: 1,319,-110  request:: &apos;/dubbo,,v{s{31,s{&apos;world,&apos;anyone}}},0  response::  
2017-01-01 19:50:14,291 [main-SendThread(127.0.0.1:2181)] [org.apache.zookeeper.ClientCnxn]-[DEBUG] Reading reply sessionid:0x15959748c5f0009, packet:: clientPath:null serverPath:null finished:false header:: 2,1  replyHeader:: 2,320,-110  request:: &apos;/dubbo/cn.itcast.dubbo.service.UserService,,v{s{31,s{&apos;world,&apos;anyone}}},0  response::  
2017-01-01 19:50:14,319 [main-SendThread(127.0.0.1:2181)] [org.apache.zookeeper.ClientCnxn]-[DEBUG] Reading reply sessionid:0x15959748c5f0009, packet:: clientPath:null serverPath:null finished:false header:: 3,1  replyHeader:: 3,321,-110  request:: &apos;/dubbo/cn.itcast.dubbo.service.UserService/consumers,,v{s{31,s{&apos;world,&apos;anyone}}},0  response::  
2017-01-01 19:50:14,350 [main-SendThread(127.0.0.1:2181)] [org.apache.zookeeper.ClientCnxn]-[DEBUG] Reading reply sessionid:0x15959748c5f0009, packet:: clientPath:null serverPath:null finished:false header:: 4,1  replyHeader:: 4,322,0  request:: &apos;/dubbo/cn.itcast.dubbo.service.UserService/consumers/consumer%253A%252F%252F192.168.71.1%252Fcn.itcast.dubbo.service.UserService%253Fapplication%253Ddubbo-a-consumer%2526category%253Dconsumers%2526check%253Dfalse%2526dubbo%253D2.5.3%2526interface%253Dcn.itcast.dubbo.service.UserService%2526methods%253DqueryAll%2526pid%253D1516%2526revision%253D1.0.0-SNAPSHOT%2526side%253Dconsumer%2526timestamp%253D1483271413952,,v{s{31,s{&apos;world,&apos;anyone}}},1  response:: &apos;/dubbo/cn.itcast.dubbo.service.UserService/consumers/consumer%253A%252F%252F192.168.71.1%252Fcn.itcast.dubbo.service.UserService%253Fapplication%253Ddubbo-a-consumer%2526category%253Dconsumers%2526check%253Dfalse%2526dubbo%253D2.5.3%2526interface%253Dcn.itcast.dubbo.service.UserService%2526methods%253DqueryAll%2526pid%253D1516%2526revision%253D1.0.0-SNAPSHOT%2526side%253Dconsumer%2526timestamp%253D1483271413952 
2017-01-01 19:50:14,351 [main] [com.alibaba.dubbo.registry.zookeeper.ZookeeperRegistry]-[INFO]  [DUBBO] Subscribe: consumer://192.168.71.1/cn.itcast.dubbo.service.UserService?application=dubbo-a-consumer&amp;category=providers,configurators,routers&amp;dubbo=2.5.3&amp;interface=cn.itcast.dubbo.service.UserService&amp;methods=queryAll&amp;pid=1516&amp;revision=1.0.0-SNAPSHOT&amp;side=consumer&amp;timestamp=1483271413952, dubbo version: 2.5.3, current host: 192.168.71.1
2017-01-01 19:50:14,377 [main-SendThread(127.0.0.1:2181)] [org.apache.zookeeper.ClientCnxn]-[DEBUG] Reading reply sessionid:0x15959748c5f0009, packet:: clientPath:null serverPath:null finished:false header:: 5,1  replyHeader:: 5,323,-110  request:: &apos;/dubbo,,v{s{31,s{&apos;world,&apos;anyone}}},0  response::  
2017-01-01 19:50:14,407 [main-SendThread(127.0.0.1:2181)] [org.apache.zookeeper.ClientCnxn]-[DEBUG] Reading reply sessionid:0x15959748c5f0009, packet:: clientPath:null serverPath:null finished:false header:: 6,1  replyHeader:: 6,324,-110  request:: &apos;/dubbo/cn.itcast.dubbo.service.UserService,,v{s{31,s{&apos;world,&apos;anyone}}},0  response::  
2017-01-01 19:50:14,431 [main-SendThread(127.0.0.1:2181)] [org.apache.zookeeper.ClientCnxn]-[DEBUG] Reading reply sessionid:0x15959748c5f0009, packet:: clientPath:null serverPath:null finished:false header:: 7,1  replyHeader:: 7,325,-110  request:: &apos;/dubbo/cn.itcast.dubbo.service.UserService/providers,,v{s{31,s{&apos;world,&apos;anyone}}},0  response::  
2017-01-01 19:50:14,443 [main-SendThread(127.0.0.1:2181)] [org.apache.zookeeper.ClientCnxn]-[DEBUG] Reading reply sessionid:0x15959748c5f0009, packet:: clientPath:null serverPath:null finished:false header:: 8,3  replyHeader:: 8,325,0  request:: &apos;/dubbo/cn.itcast.dubbo.service.UserService/providers,T  response:: s{9,9,1483264183309,1483264183309,0,8,0,0,0,0,317} 
2017-01-01 19:50:14,449 [main-SendThread(127.0.0.1:2181)] [org.apache.zookeeper.ClientCnxn]-[DEBUG] Reading reply sessionid:0x15959748c5f0009, packet:: clientPath:null serverPath:null finished:false header:: 9,8  replyHeader:: 9,325,0  request:: &apos;/dubbo/cn.itcast.dubbo.service.UserService/providers,T  response:: v{} 
2017-01-01 19:50:14,482 [main-SendThread(127.0.0.1:2181)] [org.apache.zookeeper.ClientCnxn]-[DEBUG] Reading reply sessionid:0x15959748c5f0009, packet:: clientPath:null serverPath:null finished:false header:: 10,1  replyHeader:: 10,326,-110  request:: &apos;/dubbo,,v{s{31,s{&apos;world,&apos;anyone}}},0  response::  
2017-01-01 19:50:14,503 [main-SendThread(127.0.0.1:2181)] [org.apache.zookeeper.ClientCnxn]-[DEBUG] Reading reply sessionid:0x15959748c5f0009, packet:: clientPath:null serverPath:null finished:false header:: 11,1  replyHeader:: 11,327,-110  request:: &apos;/dubbo/cn.itcast.dubbo.service.UserService,,v{s{31,s{&apos;world,&apos;anyone}}},0  response::  
2017-01-01 19:50:14,533 [main-SendThread(127.0.0.1:2181)] [org.apache.zookeeper.ClientCnxn]-[DEBUG] Reading reply sessionid:0x15959748c5f0009, packet:: clientPath:null serverPath:null finished:false header:: 12,1  replyHeader:: 12,328,-110  request:: &apos;/dubbo/cn.itcast.dubbo.service.UserService/configurators,,v{s{31,s{&apos;world,&apos;anyone}}},0  response::  
2017-01-01 19:50:14,536 [main-SendThread(127.0.0.1:2181)] [org.apache.zookeeper.ClientCnxn]-[DEBUG] Reading reply sessionid:0x15959748c5f0009, packet:: clientPath:null serverPath:null finished:false header:: 13,3  replyHeader:: 13,328,0  request:: &apos;/dubbo/cn.itcast.dubbo.service.UserService/configurators,T  response:: s{13,13,1483264183629,1483264183629,0,1,0,0,0,1,110} 
2017-01-01 19:50:14,540 [main-SendThread(127.0.0.1:2181)] [org.apache.zookeeper.ClientCnxn]-[DEBUG] Reading reply sessionid:0x15959748c5f0009, packet:: clientPath:null serverPath:null finished:false header:: 14,8  replyHeader:: 14,328,0  request:: &apos;/dubbo/cn.itcast.dubbo.service.UserService/configurators,T  response:: v{&apos;override%253A%252F%252F192.168.71.1%252Fcn.itcast.dubbo.service.UserService%253Fcategory%253Dconfigurators%2526dynamic%253Dfalse%2526enabled%253Dtrue%2526mock%253Dforce%25253Areturn%252Bnull} 
2017-01-01 19:50:14,569 [main-SendThread(127.0.0.1:2181)] [org.apache.zookeeper.ClientCnxn]-[DEBUG] Reading reply sessionid:0x15959748c5f0009, packet:: clientPath:null serverPath:null finished:false header:: 15,1  replyHeader:: 15,329,-110  request:: &apos;/dubbo,,v{s{31,s{&apos;world,&apos;anyone}}},0  response::  
2017-01-01 19:50:14,598 [main-SendThread(127.0.0.1:2181)] [org.apache.zookeeper.ClientCnxn]-[DEBUG] Reading reply sessionid:0x15959748c5f0009, packet:: clientPath:null serverPath:null finished:false header:: 16,1  replyHeader:: 16,330,-110  request:: &apos;/dubbo/cn.itcast.dubbo.service.UserService,,v{s{31,s{&apos;world,&apos;anyone}}},0  response::  
2017-01-01 19:50:14,619 [main-SendThread(127.0.0.1:2181)] [org.apache.zookeeper.ClientCnxn]-[DEBUG] Reading reply sessionid:0x15959748c5f0009, packet:: clientPath:null serverPath:null finished:false header:: 17,1  replyHeader:: 17,331,-110  request:: &apos;/dubbo/cn.itcast.dubbo.service.UserService/routers,,v{s{31,s{&apos;world,&apos;anyone}}},0  response::  
2017-01-01 19:50:14,624 [main-SendThread(127.0.0.1:2181)] [org.apache.zookeeper.ClientCnxn]-[DEBUG] Reading reply sessionid:0x15959748c5f0009, packet:: clientPath:null serverPath:null finished:false header:: 18,3  replyHeader:: 18,331,0  request:: &apos;/dubbo/cn.itcast.dubbo.service.UserService/routers,T  response:: s{22,22,1483264184006,1483264184006,0,0,0,0,0,0,22} 
2017-01-01 19:50:14,627 [main-SendThread(127.0.0.1:2181)] [org.apache.zookeeper.ClientCnxn]-[DEBUG] Reading reply sessionid:0x15959748c5f0009, packet:: clientPath:null serverPath:null finished:false header:: 19,8  replyHeader:: 19,331,0  request:: &apos;/dubbo/cn.itcast.dubbo.service.UserService/routers,T  response:: v{} 
2017-01-01 19:50:14,628 [main] [com.alibaba.dubbo.registry.zookeeper.ZookeeperRegistry]-[INFO]  [DUBBO] Notify urls for subscribe url consumer://192.168.71.1/cn.itcast.dubbo.service.UserService?application=dubbo-a-consumer&amp;category=providers,configurators,routers&amp;dubbo=2.5.3&amp;interface=cn.itcast.dubbo.service.UserService&amp;methods=queryAll&amp;pid=1516&amp;revision=1.0.0-SNAPSHOT&amp;side=consumer&amp;timestamp=1483271413952, urls: [empty://192.168.71.1/cn.itcast.dubbo.service.UserService?application=dubbo-a-consumer&amp;category=providers&amp;dubbo=2.5.3&amp;interface=cn.itcast.dubbo.service.UserService&amp;methods=queryAll&amp;pid=1516&amp;revision=1.0.0-SNAPSHOT&amp;side=consumer&amp;timestamp=1483271413952, override://192.168.71.1/cn.itcast.dubbo.service.UserService?category=configurators&amp;dynamic=false&amp;enabled=true&amp;mock=force%3Areturn+null, empty://192.168.71.1/cn.itcast.dubbo.service.UserService?application=dubbo-a-consumer&amp;category=routers&amp;dubbo=2.5.3&amp;interface=cn.itcast.dubbo.service.UserService&amp;methods=queryAll&amp;pid=1516&amp;revision=1.0.0-SNAPSHOT&amp;side=consumer&amp;timestamp=1483271413952], dubbo version: 2.5.3, current host: 192.168.71.1
</system-out>
  </testcase>
</testsuite>